C:\Program Files (x86)\Microsoft Visual Studio\2019\Community\MSBuild\Microsoft\VC\v160\Microsoft.CppBuild.targets(452,5): warning MSB8028: The intermediate directory (x64\Release\) contains files shared from another project (07_GLSLMeshLoader.vcxproj, hw03.vcxproj).  This can lead to incorrect clean and rebuild behavior.
  Source.cpp
C:\Users\USER\Desktop\cg-project\cgprj\Source.cpp(29,61): warning C4305:  '초기화 중': 'double'에서 'GLfloat'(으)로 잘립니다.
C:\Users\USER\Desktop\cg-project\cgprj\Source.cpp(30,67): warning C4305:  '초기화 중': 'double'에서 'GLfloat'(으)로 잘립니다.
C:\Users\USER\Desktop\cg-project\cgprj\Source.cpp(31,37): warning C4305:  '초기화 중': 'double'에서 'GLfloat'(으)로 잘립니다.
C:\Users\USER\Desktop\cg-project\cgprj\Source.cpp(31,71): warning C4305:  '초기화 중': 'double'에서 'GLfloat'(으)로 잘립니다.
C:\Users\USER\Desktop\cg-project\cgprj\Source.cpp(75,47): warning C4244:  '인수': 'double'에서 '_Ty'(으)로 변환하면서 데이터가 손실될 수 있습니다.
C:\Users\USER\Desktop\cg-project\cgprj\Source.cpp(75,47): warning C4244:         with
C:\Users\USER\Desktop\cg-project\cgprj\Source.cpp(75,47): warning C4244:         [
C:\Users\USER\Desktop\cg-project\cgprj\Source.cpp(75,47): warning C4244:             _Ty=float
C:\Users\USER\Desktop\cg-project\cgprj\Source.cpp(75,47): warning C4244:         ]
C:\Users\USER\Desktop\cg-project\cgprj\Source.cpp(80,47): warning C4244:  '인수': 'double'에서 '_Ty'(으)로 변환하면서 데이터가 손실될 수 있습니다.
C:\Users\USER\Desktop\cg-project\cgprj\Source.cpp(80,47): warning C4244:         with
C:\Users\USER\Desktop\cg-project\cgprj\Source.cpp(80,47): warning C4244:         [
C:\Users\USER\Desktop\cg-project\cgprj\Source.cpp(80,47): warning C4244:             _Ty=float
C:\Users\USER\Desktop\cg-project\cgprj\Source.cpp(80,47): warning C4244:         ]
C:\Users\USER\Desktop\cg-project\cgprj\Source.cpp(86,23): warning C4244:  '인수': 'double'에서 '_Ty'(으)로 변환하면서 데이터가 손실될 수 있습니다.
C:\Users\USER\Desktop\cg-project\cgprj\Source.cpp(86,23): warning C4244:         with
C:\Users\USER\Desktop\cg-project\cgprj\Source.cpp(86,23): warning C4244:         [
C:\Users\USER\Desktop\cg-project\cgprj\Source.cpp(86,23): warning C4244:             _Ty=float
C:\Users\USER\Desktop\cg-project\cgprj\Source.cpp(86,23): warning C4244:         ]
C:\Users\USER\Desktop\cg-project\cgprj\Source.cpp(109,19): warning C4267:  '=': 'size_t'에서 'unsigned int'(으)로 변환하면서 데이터가 손실될 수 있습니다.
C:\Users\USER\Desktop\cg-project\cgprj\Source.cpp(114,20): warning C4018:  '<': signed 또는 unsigned가 일치하지 않습니다.
C:\Users\USER\Desktop\cg-project\cgprj\Source.cpp(150,47): warning C4244:  '인수': 'double'에서 '_Ty'(으)로 변환하면서 데이터가 손실될 수 있습니다.
C:\Users\USER\Desktop\cg-project\cgprj\Source.cpp(150,47): warning C4244:         with
C:\Users\USER\Desktop\cg-project\cgprj\Source.cpp(150,47): warning C4244:         [
C:\Users\USER\Desktop\cg-project\cgprj\Source.cpp(150,47): warning C4244:             _Ty=float
C:\Users\USER\Desktop\cg-project\cgprj\Source.cpp(150,47): warning C4244:         ]
C:\Users\USER\Desktop\cg-project\cgprj\Source.cpp(155,47): warning C4244:  '인수': 'double'에서 '_Ty'(으)로 변환하면서 데이터가 손실될 수 있습니다.
C:\Users\USER\Desktop\cg-project\cgprj\Source.cpp(155,47): warning C4244:         with
C:\Users\USER\Desktop\cg-project\cgprj\Source.cpp(155,47): warning C4244:         [
C:\Users\USER\Desktop\cg-project\cgprj\Source.cpp(155,47): warning C4244:             _Ty=float
C:\Users\USER\Desktop\cg-project\cgprj\Source.cpp(155,47): warning C4244:         ]
C:\Users\USER\Desktop\cg-project\cgprj\Source.cpp(161,23): warning C4244:  '인수': 'double'에서 '_Ty'(으)로 변환하면서 데이터가 손실될 수 있습니다.
C:\Users\USER\Desktop\cg-project\cgprj\Source.cpp(161,23): warning C4244:         with
C:\Users\USER\Desktop\cg-project\cgprj\Source.cpp(161,23): warning C4244:         [
C:\Users\USER\Desktop\cg-project\cgprj\Source.cpp(161,23): warning C4244:             _Ty=float
C:\Users\USER\Desktop\cg-project\cgprj\Source.cpp(161,23): warning C4244:         ]
C:\Users\USER\Desktop\cg-project\cgprj\Source.cpp(184,20): warning C4267:  '=': 'size_t'에서 'unsigned int'(으)로 변환하면서 데이터가 손실될 수 있습니다.
C:\Users\USER\Desktop\cg-project\cgprj\Source.cpp(189,20): warning C4018:  '<': signed 또는 unsigned가 일치하지 않습니다.
C:\Users\USER\Desktop\cg-project\cgprj\Source.cpp(224,28): warning C4244:  '인수': 'float'에서 'int'(으)로 변환하면서 데이터가 손실될 수 있습니다.
C:\Users\USER\Desktop\cg-project\cgprj\Source.cpp(224,21): warning C4244:  '인수': 'float'에서 'int'(으)로 변환하면서 데이터가 손실될 수 있습니다.
C:\Users\USER\Desktop\cg-project\cgprj\Source.cpp(578,154): warning C4305:  '초기화 중': 'double'에서 'float'(으)로 잘립니다.
C:\Users\USER\Desktop\cg-project\cgprj\Source.cpp(578,93): warning C4838:  'double'에서 'float'(으)로의 변환에는 축소 변환이 필요합니다.
C:\Users\USER\Desktop\cg-project\cgprj\Source.cpp(578,93): warning C4244:  '초기화 중': 'double'에서 'float'(으)로 변환하면서 데이터가 손실될 수 있습니다.
C:\Users\USER\Desktop\cg-project\cgprj\Source.cpp(578,124): warning C4838:  'double'에서 'float'(으)로의 변환에는 축소 변환이 필요합니다.
C:\Users\USER\Desktop\cg-project\cgprj\Source.cpp(578,124): warning C4244:  '초기화 중': 'double'에서 'float'(으)로 변환하면서 데이터가 손실될 수 있습니다.
C:\Users\USER\Desktop\cg-project\cgprj\Source.cpp(587,160): warning C4305:  '초기화 중': 'double'에서 'float'(으)로 잘립니다.
C:\Users\USER\Desktop\cg-project\cgprj\Source.cpp(587,95): warning C4838:  'double'에서 'float'(으)로의 변환에는 축소 변환이 필요합니다.
C:\Users\USER\Desktop\cg-project\cgprj\Source.cpp(587,95): warning C4244:  '초기화 중': 'double'에서 'float'(으)로 변환하면서 데이터가 손실될 수 있습니다.
C:\Users\USER\Desktop\cg-project\cgprj\Source.cpp(587,148): warning C4838:  'double'에서 'float'(으)로의 변환에는 축소 변환이 필요합니다.
C:\Users\USER\Desktop\cg-project\cgprj\Source.cpp(587,148): warning C4244:  '초기화 중': 'double'에서 'float'(으)로 변환하면서 데이터가 손실될 수 있습니다.
C:\Users\USER\Desktop\cg-project\cgprj\Source.cpp(595,126): warning C4838:  'double'에서 'float'(으)로의 변환에는 축소 변환이 필요합니다.
C:\Users\USER\Desktop\cg-project\cgprj\Source.cpp(595,126): warning C4244:  '초기화 중': 'double'에서 'float'(으)로 변환하면서 데이터가 손실될 수 있습니다.
C:\Users\USER\Desktop\cg-project\cgprj\Source.cpp(595,163): warning C4838:  'double'에서 'float'(으)로의 변환에는 축소 변환이 필요합니다.
C:\Users\USER\Desktop\cg-project\cgprj\Source.cpp(595,163): warning C4244:  '초기화 중': 'double'에서 'float'(으)로 변환하면서 데이터가 손실될 수 있습니다.
C:\Users\USER\Desktop\cg-project\cgprj\Source.cpp(595,185): warning C4305:  '초기화 중': 'double'에서 'float'(으)로 잘립니다.
C:\Users\USER\Desktop\cg-project\cgprj\Source.cpp(596,126): warning C4838:  'double'에서 'float'(으)로의 변환에는 축소 변환이 필요합니다.
C:\Users\USER\Desktop\cg-project\cgprj\Source.cpp(596,126): warning C4244:  '초기화 중': 'double'에서 'float'(으)로 변환하면서 데이터가 손실될 수 있습니다.
C:\Users\USER\Desktop\cg-project\cgprj\Source.cpp(596,163): warning C4838:  'double'에서 'float'(으)로의 변환에는 축소 변환이 필요합니다.
C:\Users\USER\Desktop\cg-project\cgprj\Source.cpp(596,163): warning C4244:  '초기화 중': 'double'에서 'float'(으)로 변환하면서 데이터가 손실될 수 있습니다.
C:\Users\USER\Desktop\cg-project\cgprj\Source.cpp(596,185): warning C4305:  '초기화 중': 'double'에서 'float'(으)로 잘립니다.
C:\Users\USER\Desktop\cg-project\cgprj\Source.cpp(597,126): warning C4838:  'double'에서 'float'(으)로의 변환에는 축소 변환이 필요합니다.
C:\Users\USER\Desktop\cg-project\cgprj\Source.cpp(597,126): warning C4244:  '초기화 중': 'double'에서 'float'(으)로 변환하면서 데이터가 손실될 수 있습니다.
C:\Users\USER\Desktop\cg-project\cgprj\Source.cpp(597,163): warning C4838:  'double'에서 'float'(으)로의 변환에는 축소 변환이 필요합니다.
C:\Users\USER\Desktop\cg-project\cgprj\Source.cpp(597,163): warning C4244:  '초기화 중': 'double'에서 'float'(으)로 변환하면서 데이터가 손실될 수 있습니다.
C:\Users\USER\Desktop\cg-project\cgprj\Source.cpp(597,186): warning C4305:  '초기화 중': 'double'에서 'float'(으)로 잘립니다.
C:\Users\USER\Desktop\cg-project\cgprj\Source.cpp(598,126): warning C4838:  'double'에서 'float'(으)로의 변환에는 축소 변환이 필요합니다.
C:\Users\USER\Desktop\cg-project\cgprj\Source.cpp(598,126): warning C4244:  '초기화 중': 'double'에서 'float'(으)로 변환하면서 데이터가 손실될 수 있습니다.
C:\Users\USER\Desktop\cg-project\cgprj\Source.cpp(598,163): warning C4838:  'double'에서 'float'(으)로의 변환에는 축소 변환이 필요합니다.
C:\Users\USER\Desktop\cg-project\cgprj\Source.cpp(598,163): warning C4244:  '초기화 중': 'double'에서 'float'(으)로 변환하면서 데이터가 손실될 수 있습니다.
C:\Users\USER\Desktop\cg-project\cgprj\Source.cpp(598,189): warning C4305:  '초기화 중': 'double'에서 'float'(으)로 잘립니다.
C:\Users\USER\Desktop\cg-project\cgprj\Source.cpp(614,131): warning C4838:  'double'에서 'float'(으)로의 변환에는 축소 변환이 필요합니다.
C:\Users\USER\Desktop\cg-project\cgprj\Source.cpp(614,131): warning C4244:  '초기화 중': 'double'에서 'float'(으)로 변환하면서 데이터가 손실될 수 있습니다.
C:\Users\USER\Desktop\cg-project\cgprj\Source.cpp(614,175): warning C4838:  'double'에서 'float'(으)로의 변환에는 축소 변환이 필요합니다.
C:\Users\USER\Desktop\cg-project\cgprj\Source.cpp(614,175): warning C4244:  '초기화 중': 'double'에서 'float'(으)로 변환하면서 데이터가 손실될 수 있습니다.
C:\Users\USER\Desktop\cg-project\cgprj\Source.cpp(615,131): warning C4838:  'double'에서 'float'(으)로의 변환에는 축소 변환이 필요합니다.
C:\Users\USER\Desktop\cg-project\cgprj\Source.cpp(615,131): warning C4244:  '초기화 중': 'double'에서 'float'(으)로 변환하면서 데이터가 손실될 수 있습니다.
C:\Users\USER\Desktop\cg-project\cgprj\Source.cpp(615,176): warning C4838:  'double'에서 'float'(으)로의 변환에는 축소 변환이 필요합니다.
C:\Users\USER\Desktop\cg-project\cgprj\Source.cpp(615,176): warning C4244:  '초기화 중': 'double'에서 'float'(으)로 변환하면서 데이터가 손실될 수 있습니다.
C:\Users\USER\Desktop\cg-project\cgprj\Source.cpp(616,131): warning C4838:  'double'에서 'float'(으)로의 변환에는 축소 변환이 필요합니다.
C:\Users\USER\Desktop\cg-project\cgprj\Source.cpp(616,131): warning C4244:  '초기화 중': 'double'에서 'float'(으)로 변환하면서 데이터가 손실될 수 있습니다.
C:\Users\USER\Desktop\cg-project\cgprj\Source.cpp(616,176): warning C4838:  'double'에서 'float'(으)로의 변환에는 축소 변환이 필요합니다.
C:\Users\USER\Desktop\cg-project\cgprj\Source.cpp(616,176): warning C4244:  '초기화 중': 'double'에서 'float'(으)로 변환하면서 데이터가 손실될 수 있습니다.
C:\Users\USER\Desktop\cg-project\cgprj\Source.cpp(617,131): warning C4838:  'double'에서 'float'(으)로의 변환에는 축소 변환이 필요합니다.
C:\Users\USER\Desktop\cg-project\cgprj\Source.cpp(617,131): warning C4244:  '초기화 중': 'double'에서 'float'(으)로 변환하면서 데이터가 손실될 수 있습니다.
C:\Users\USER\Desktop\cg-project\cgprj\Source.cpp(617,176): warning C4838:  'double'에서 'float'(으)로의 변환에는 축소 변환이 필요합니다.
C:\Users\USER\Desktop\cg-project\cgprj\Source.cpp(617,176): warning C4244:  '초기화 중': 'double'에서 'float'(으)로 변환하면서 데이터가 손실될 수 있습니다.
C:\Users\USER\Desktop\cg-project\cgprj\Source.cpp(643,13): warning C4244:  '=': 'int'에서 'float'(으)로 변환하면서 데이터가 손실될 수 있습니다.
C:\Users\USER\Desktop\cg-project\cgprj\Source.cpp(644,14): warning C4244:  '=': 'int'에서 'float'(으)로 변환하면서 데이터가 손실될 수 있습니다.
C:\Users\USER\Desktop\cg-project\cgprj\Source.cpp(645,26): warning C4244:  '인수': 'float'에서 'GLsizei'(으)로 변환하면서 데이터가 손실될 수 있습니다.
C:\Users\USER\Desktop\cg-project\cgprj\Source.cpp(645,19): warning C4244:  '인수': 'float'에서 'GLsizei'(으)로 변환하면서 데이터가 손실될 수 있습니다.
  코드를 생성하고 있습니다.
  510 of 520 functions (98.1%) were compiled, the rest were copied from previous compilation.
    0 functions were new in current compilation
    0 functions had inline decision re-evaluated but remain unchanged
  코드를 생성했습니다.
  cgprj.vcxproj -> C:\Users\USER\Desktop\cg-project\x64\Release\cgprj.exe
