C:\Program Files (x86)\Microsoft Visual Studio\2019\Community\MSBuild\Microsoft\VC\v160\Microsoft.CppBuild.targets(411,5): warning MSB8028: 중간 디렉터리(x64\Release\)에 다른 프로젝트(07_GLSLMeshLoader.vcxproj)에서 공유하는 파일이 포함되어 있습니다.  이로 인해 잘못된 정리 및 다시 빌드 동작이 수행될 수 있습니다.
  Source.cpp
E:\COSE331 (컴퓨터그래픽스)\cg-homework\hw03\cg-hw03\hw03\Source.cpp(26): warning C4305: '초기화 중': 'double'에서 'GLfloat'(으)로 잘립니다.
E:\COSE331 (컴퓨터그래픽스)\cg-homework\hw03\cg-hw03\hw03\Source.cpp(27): warning C4305: '초기화 중': 'double'에서 'GLfloat'(으)로 잘립니다.
E:\COSE331 (컴퓨터그래픽스)\cg-homework\hw03\cg-hw03\hw03\Source.cpp(63): warning C4244: '인수': 'double'에서 '_Ty'(으)로 변환하면서 데이터가 손실될 수 있습니다.
          with
          [
              _Ty=float
          ]
E:\COSE331 (컴퓨터그래픽스)\cg-homework\hw03\cg-hw03\hw03\Source.cpp(68): warning C4244: '인수': 'double'에서 '_Ty'(으)로 변환하면서 데이터가 손실될 수 있습니다.
          with
          [
              _Ty=float
          ]
E:\COSE331 (컴퓨터그래픽스)\cg-homework\hw03\cg-hw03\hw03\Source.cpp(74): warning C4244: '인수': 'double'에서 '_Ty'(으)로 변환하면서 데이터가 손실될 수 있습니다.
          with
          [
              _Ty=float
          ]
E:\COSE331 (컴퓨터그래픽스)\cg-homework\hw03\cg-hw03\hw03\Source.cpp(97): warning C4267: '=': 'size_t'에서 'unsigned int'(으)로 변환하면서 데이터가 손실될 수 있습니다.
E:\COSE331 (컴퓨터그래픽스)\cg-homework\hw03\cg-hw03\hw03\Source.cpp(102): warning C4018: '<': signed 또는 unsigned가 일치하지 않습니다.
E:\COSE331 (컴퓨터그래픽스)\cg-homework\hw03\cg-hw03\hw03\Source.cpp(137): warning C4244: '인수': 'double'에서 '_Ty'(으)로 변환하면서 데이터가 손실될 수 있습니다.
          with
          [
              _Ty=float
          ]
E:\COSE331 (컴퓨터그래픽스)\cg-homework\hw03\cg-hw03\hw03\Source.cpp(142): warning C4244: '인수': 'double'에서 '_Ty'(으)로 변환하면서 데이터가 손실될 수 있습니다.
          with
          [
              _Ty=float
          ]
E:\COSE331 (컴퓨터그래픽스)\cg-homework\hw03\cg-hw03\hw03\Source.cpp(148): warning C4244: '인수': 'double'에서 '_Ty'(으)로 변환하면서 데이터가 손실될 수 있습니다.
          with
          [
              _Ty=float
          ]
E:\COSE331 (컴퓨터그래픽스)\cg-homework\hw03\cg-hw03\hw03\Source.cpp(171): warning C4267: '=': 'size_t'에서 'unsigned int'(으)로 변환하면서 데이터가 손실될 수 있습니다.
E:\COSE331 (컴퓨터그래픽스)\cg-homework\hw03\cg-hw03\hw03\Source.cpp(176): warning C4018: '<': signed 또는 unsigned가 일치하지 않습니다.
E:\COSE331 (컴퓨터그래픽스)\cg-homework\hw03\cg-hw03\hw03\Source.cpp(210): warning C4244: '인수': 'float'에서 'int'(으)로 변환하면서 데이터가 손실될 수 있습니다.
E:\COSE331 (컴퓨터그래픽스)\cg-homework\hw03\cg-hw03\hw03\Source.cpp(393): warning C4305: '초기화 중': 'double'에서 'float'(으)로 잘립니다.
E:\COSE331 (컴퓨터그래픽스)\cg-homework\hw03\cg-hw03\hw03\Source.cpp(393): warning C4838: 'double'에서 'float'(으)로의 변환에는 축소 변환이 필요합니다.
E:\COSE331 (컴퓨터그래픽스)\cg-homework\hw03\cg-hw03\hw03\Source.cpp(393): warning C4244: '초기화 중': 'double'에서 'float'(으)로 변환하면서 데이터가 손실될 수 있습니다.
E:\COSE331 (컴퓨터그래픽스)\cg-homework\hw03\cg-hw03\hw03\Source.cpp(403): warning C4838: 'double'에서 'float'(으)로의 변환에는 축소 변환이 필요합니다.
E:\COSE331 (컴퓨터그래픽스)\cg-homework\hw03\cg-hw03\hw03\Source.cpp(403): warning C4244: '초기화 중': 'double'에서 'float'(으)로 변환하면서 데이터가 손실될 수 있습니다.
E:\COSE331 (컴퓨터그래픽스)\cg-homework\hw03\cg-hw03\hw03\Source.cpp(404): warning C4838: 'double'에서 'float'(으)로의 변환에는 축소 변환이 필요합니다.
E:\COSE331 (컴퓨터그래픽스)\cg-homework\hw03\cg-hw03\hw03\Source.cpp(404): warning C4244: '초기화 중': 'double'에서 'float'(으)로 변환하면서 데이터가 손실될 수 있습니다.
E:\COSE331 (컴퓨터그래픽스)\cg-homework\hw03\cg-hw03\hw03\Source.cpp(405): warning C4838: 'double'에서 'float'(으)로의 변환에는 축소 변환이 필요합니다.
E:\COSE331 (컴퓨터그래픽스)\cg-homework\hw03\cg-hw03\hw03\Source.cpp(405): warning C4244: '초기화 중': 'double'에서 'float'(으)로 변환하면서 데이터가 손실될 수 있습니다.
E:\COSE331 (컴퓨터그래픽스)\cg-homework\hw03\cg-hw03\hw03\Source.cpp(406): warning C4838: 'double'에서 'float'(으)로의 변환에는 축소 변환이 필요합니다.
E:\COSE331 (컴퓨터그래픽스)\cg-homework\hw03\cg-hw03\hw03\Source.cpp(406): warning C4244: '초기화 중': 'double'에서 'float'(으)로 변환하면서 데이터가 손실될 수 있습니다.
E:\COSE331 (컴퓨터그래픽스)\cg-homework\hw03\cg-hw03\hw03\Source.cpp(425): warning C4244: '=': 'int'에서 'float'(으)로 변환하면서 데이터가 손실될 수 있습니다.
E:\COSE331 (컴퓨터그래픽스)\cg-homework\hw03\cg-hw03\hw03\Source.cpp(426): warning C4244: '=': 'int'에서 'float'(으)로 변환하면서 데이터가 손실될 수 있습니다.
E:\COSE331 (컴퓨터그래픽스)\cg-homework\hw03\cg-hw03\hw03\Source.cpp(427): warning C4244: '인수': 'float'에서 'GLsizei'(으)로 변환하면서 데이터가 손실될 수 있습니다.
  코드를 생성하고 있습니다.
  0 of 557 functions ( 0.0%) were compiled, the rest were copied from previous compilation.
    0 functions were new in current compilation
    0 functions had inline decision re-evaluated but remain unchanged
  코드를 생성했습니다.
  hw03.vcxproj -> E:\COSE331 (컴퓨터그래픽스)\cg-homework\hw03\cg-hw03\x64\Release\hw03.exe
